<?xml version="1.0" encoding="UTF-8"?>
<testng-results ignored="0" total="1" passed="1" failed="0" skipped="0">
  <reporter-output>
  </reporter-output>
  <suite started-at="2023-01-10T12:11:35 IST" name="Login Suite" finished-at="2023-01-10T12:11:51 IST" duration-ms="15205">
    <groups>
    </groups>
    <test started-at="2023-01-10T12:11:35 IST" name="Launch Test" finished-at="2023-01-10T12:11:51 IST" duration-ms="15205">
      <class name="testNG.LaunchLogin">
        <test-method is-config="true" signature="beforeMethod()[pri:0, instance:testNG.LaunchLogin@4722ef0c]" started-at="2023-01-10T12:11:35 IST" name="beforeMethod" finished-at="2023-01-10T12:11:44 IST" duration-ms="8027" status="PASS">
          <reporter-output>
          </reporter-output>
        </test-method> <!-- beforeMethod -->
        <test-method signature="performLogin()[pri:0, instance:testNG.LaunchLogin@4722ef0c]" started-at="2023-01-10T12:11:44 IST" name="performLogin" finished-at="2023-01-10T12:11:48 IST" duration-ms="4811" status="PASS">
          <reporter-output>
          </reporter-output>
        </test-method> <!-- performLogin -->
        <test-method is-config="true" signature="afterMethod()[pri:0, instance:testNG.LaunchLogin@4722ef0c]" started-at="2023-01-10T12:11:48 IST" name="afterMethod" finished-at="2023-01-10T12:11:51 IST" duration-ms="2232" status="PASS">
          <reporter-output>
          </reporter-output>
        </test-method> <!-- afterMethod -->
      </class> <!-- testNG.LaunchLogin -->
    </test> <!-- Launch Test -->
  </suite> <!-- Login Suite -->
</testng-results>
